<?xml version="1.0" encoding="UTF-8"?>
<!-- Generated by org.testng.reporters.JUnitReportReporter -->
<testsuite skipped="0" hostname="DESKTOP-79QFOE9" name="com.mobiotics.Test.SignUpTest" tests="1" failures="0" timestamp="04 Feb 2020 14:16:14 GMT" time="51.699" errors="0">
  <testcase name="lookuppage_signUp" time="51.699" classname="com.mobiotics.Test.SignUpTest"/>
</testsuite> <!-- com.mobiotics.Test.SignUpTest -->
